08:41:23 | INFO    | [setup_logging] 日誌系統就緒，記錄檔：/home/runner/work/cpi_causal_pipeline/cpi_causal_pipeline/cpi_causal_pipeline/logs/pipeline_20260526_084123.log
08:41:23 | INFO    | [setup_chinese_font] 已載入內附中文字體
08:41:23 | INFO    | [main] ================================================================
08:41:23 | INFO    | [main]  台灣 CPI 因果分析管線啟動
08:41:23 | INFO    | [main] ================================================================
08:41:23 | INFO    | [_run_stage] ▶  開始階段：fetch_cpi
08:41:23 | INFO    | [fetch_cpi_json] 向主計總處 API 請求資料 …
08:41:25 | INFO    | [fetch_cpi_json] API 取得成功，已寫入 /home/runner/work/cpi_causal_pipeline/cpi_causal_pipeline/cpi_causal_pipeline/data.json
08:41:25 | INFO    | [_run_stage] ✔  完成階段：fetch_cpi
08:41:25 | INFO    | [_run_stage] ▶  開始階段：parse_and_plot
08:41:25 | INFO    | [parse_cpi_json_to_csv] 已解析 328 期 × 8 類，寫入 /home/runner/work/cpi_causal_pipeline/cpi_causal_pipeline/cpi_causal_pipeline/cpi_data.csv
08:41:26 | INFO    | [plot_cpi_overview] CPI 總覽圖已存：/home/runner/work/cpi_causal_pipeline/cpi_causal_pipeline/cpi_causal_pipeline/cpi_plot.png
08:41:26 | INFO    | [_run_stage] ✔  完成階段：parse_and_plot
08:41:26 | INFO    | [_run_stage] ▶  開始階段：arima_forecast
08:41:26 | INFO    | [run_arima_forecast] 訓練 ARIMA(1, 1, 1) 於『總指數』(328 筆) …
08:41:26 | INFO    | [run_arima_forecast] ARIMA 完成：/home/runner/work/cpi_causal_pipeline/cpi_causal_pipeline/cpi_causal_pipeline/arima_forecast_plot.png / /home/runner/work/cpi_causal_pipeline/cpi_causal_pipeline/cpi_causal_pipeline/arima_forecast_data.csv
08:41:26 | INFO    | [_run_stage] ✔  完成階段：arima_forecast
08:41:26 | INFO    | [_run_stage] ▶  開始階段：causal_impact
08:41:27 | INFO    | [_run_stage] ✔  完成階段：causal_impact
08:41:27 | INFO    | [_run_stage] ▶  開始階段：csv_to_xlsx
08:41:28 | INFO    | [csv_to_xlsx] 已轉存 Excel：/home/runner/work/cpi_causal_pipeline/cpi_causal_pipeline/cpi_causal_pipeline/cpi_data.xlsx
08:41:28 | INFO    | [_run_stage] ✔  完成階段：csv_to_xlsx
08:41:28 | INFO    | [_run_stage] ▶  開始階段：causal_engine
08:41:28 | INFO    | [read_and_preprocess] 因果引擎：讀取 /home/runner/work/cpi_causal_pipeline/cpi_causal_pipeline/cpi_causal_pipeline/cpi_data.xlsx
08:41:28 | INFO    | [read_and_preprocess] 前處理完成，保留 8 欄。
08:41:28 | INFO    | [perform_imf_decomposition] EMD 分解（最大層數 3）…
08:41:28 | INFO    | [perform_imf_decomposition] EMD 完成，共 3 層有效 IMF。
08:41:28 | INFO    | [run] ====== 層級：Original_Data ======
08:41:30 | INFO    | [run_causal_analysis_and_export] [Original_Data] PC 演算法 …
08:41:34 | INFO    | [run_causal_analysis_and_export] [Original_Data] DoWhy 估計與反駁 …
08:42:57 | INFO    | [run] ====== 層級：IMF_1 ======
08:42:57 | INFO    | [run_causal_analysis_and_export] [IMF_1] PC 演算法 …
08:43:01 | INFO    | [run_causal_analysis_and_export] [IMF_1] DoWhy 估計與反駁 …
08:44:25 | INFO    | [run] ====== 層級：IMF_2 ======
08:44:25 | INFO    | [run_causal_analysis_and_export] [IMF_2] PC 演算法 …
08:44:29 | INFO    | [run_causal_analysis_and_export] [IMF_2] DoWhy 估計與反駁 …
08:45:52 | INFO    | [run] ====== 層級：IMF_3 ======
08:45:52 | INFO    | [run_causal_analysis_and_export] [IMF_3] PC 演算法 …
08:45:56 | INFO    | [run_causal_analysis_and_export] [IMF_3] DoWhy 估計與反駁 …
08:47:19 | INFO    | [run] 因果引擎完成，耗時 351.2 秒。
08:47:19 | INFO    | [_run_stage] ✔  完成階段：causal_engine
08:47:19 | INFO    | [_run_stage] ▶  開始階段：filter_estimation
08:47:19 | INFO    | [filter_estimation_to_list] 篩選 LR_Effect >= 1.0：保留 9 / 28 條邊 → /home/runner/work/cpi_causal_pipeline/cpi_causal_pipeline/cpi_causal_pipeline/Filteredlist.csv
08:47:19 | INFO    | [_run_stage] ✔  完成階段：filter_estimation
08:47:19 | INFO    | [_run_stage] ▶  開始階段：correlated_plots
08:47:26 | INFO    | [build_correlated_plots] 強相關配對圖（真實資料）完成 9 張 → /home/runner/work/cpi_causal_pipeline/cpi_causal_pipeline/cpi_causal_pipeline/correlated_plots
08:47:26 | INFO    | [_run_stage] ✔  完成階段：correlated_plots
08:47:26 | INFO    | [_run_stage] ▶  開始階段：ml_regression
08:47:26 | INFO    | [run_ml_regression] 最佳模型：SVM (向量機模型)（目標=總指數，特徵=['一.食物類']）
08:47:27 | INFO    | [run_ml_regression] 機器學習回歸（真實資料）完成 → /home/runner/work/cpi_causal_pipeline/cpi_causal_pipeline/cpi_causal_pipeline/ml_plots
08:47:27 | INFO    | [_run_stage] ✔  完成階段：ml_regression
08:47:27 | INFO    | [_run_stage] ▶  開始階段：build_report
08:47:27 | INFO    | [build_report] HTML 報告已產生：/home/runner/work/cpi_causal_pipeline/cpi_causal_pipeline/cpi_causal_pipeline/../docs/index.html（6 個章節）
08:47:27 | INFO    | [_run_stage] ✔  完成階段：build_report
08:47:27 | INFO    | [main] ================================================================
08:47:27 | INFO    | [main]  執行摘要
08:47:27 | INFO    | [main]    fetch_cpi          ✔ 成功
08:47:27 | INFO    | [main]    parse_and_plot     ✔ 成功
08:47:27 | INFO    | [main]    arima_forecast     ✔ 成功
08:47:27 | INFO    | [main]    causal_impact      ✔ 成功
08:47:27 | INFO    | [main]    csv_to_xlsx        ✔ 成功
08:47:27 | INFO    | [main]    causal_engine      ✔ 成功
08:47:27 | INFO    | [main]    filter_estimation  ✔ 成功
08:47:27 | INFO    | [main]    correlated_plots   ✔ 成功
08:47:27 | INFO    | [main]    ml_regression      ✔ 成功
08:47:27 | INFO    | [main]    build_report       ✔ 成功
08:47:27 | INFO    | [main] ================================================================
08:47:27 | INFO    | [main] 📄 報告位置：/home/runner/work/cpi_causal_pipeline/cpi_causal_pipeline/cpi_causal_pipeline/../docs/index.html
