20:34:46 | INFO    | [setup_logging] 日誌系統就緒，記錄檔：/home/runner/work/cpi_causal_pipeline/cpi_causal_pipeline/cpi_causal_pipeline/logs/pipeline_20260524_203446.log
20:34:46 | INFO    | [setup_chinese_font] 已載入內附中文字體
20:34:46 | INFO    | [main] ================================================================
20:34:46 | INFO    | [main]  台灣 CPI 因果分析管線啟動
20:34:46 | INFO    | [main] ================================================================
20:34:46 | INFO    | [_run_stage] ▶  開始階段：fetch_cpi
20:34:47 | INFO    | [fetch_cpi_json] 向主計總處 API 請求資料 …
20:34:49 | INFO    | [fetch_cpi_json] API 取得成功，已寫入 /home/runner/work/cpi_causal_pipeline/cpi_causal_pipeline/cpi_causal_pipeline/data.json
20:34:49 | INFO    | [_run_stage] ✔  完成階段：fetch_cpi
20:34:49 | INFO    | [_run_stage] ▶  開始階段：parse_and_plot
20:34:49 | INFO    | [parse_cpi_json_to_csv] 已解析 328 期 × 8 類，寫入 /home/runner/work/cpi_causal_pipeline/cpi_causal_pipeline/cpi_causal_pipeline/cpi_data.csv
20:34:50 | INFO    | [plot_cpi_overview] CPI 總覽圖已存：/home/runner/work/cpi_causal_pipeline/cpi_causal_pipeline/cpi_causal_pipeline/cpi_plot.png
20:34:50 | INFO    | [_run_stage] ✔  完成階段：parse_and_plot
20:34:50 | INFO    | [_run_stage] ▶  開始階段：arima_forecast
20:34:50 | INFO    | [run_arima_forecast] 訓練 ARIMA(1, 1, 1) 於『總指數』(328 筆) …
20:34:51 | INFO    | [run_arima_forecast] ARIMA 完成：/home/runner/work/cpi_causal_pipeline/cpi_causal_pipeline/cpi_causal_pipeline/arima_forecast_plot.png / /home/runner/work/cpi_causal_pipeline/cpi_causal_pipeline/cpi_causal_pipeline/arima_forecast_data.csv
20:34:51 | INFO    | [_run_stage] ✔  完成階段：arima_forecast
20:34:51 | INFO    | [_run_stage] ▶  開始階段：causal_impact
20:34:52 | INFO    | [_run_stage] ✔  完成階段：causal_impact
20:34:52 | INFO    | [_run_stage] ▶  開始階段：csv_to_xlsx
20:34:52 | INFO    | [csv_to_xlsx] 已轉存 Excel：/home/runner/work/cpi_causal_pipeline/cpi_causal_pipeline/cpi_causal_pipeline/cpi_data.xlsx
20:34:52 | INFO    | [_run_stage] ✔  完成階段：csv_to_xlsx
20:34:52 | INFO    | [_run_stage] ▶  開始階段：causal_engine
20:34:52 | INFO    | [read_and_preprocess] 因果引擎：讀取 /home/runner/work/cpi_causal_pipeline/cpi_causal_pipeline/cpi_causal_pipeline/cpi_data.xlsx
20:34:52 | INFO    | [read_and_preprocess] 前處理完成，保留 8 欄。
20:34:52 | INFO    | [perform_imf_decomposition] EMD 分解（最大層數 3）…
20:34:52 | INFO    | [perform_imf_decomposition] EMD 完成，共 3 層有效 IMF。
20:34:52 | INFO    | [run] ====== 層級：Original_Data ======
20:34:55 | INFO    | [run_causal_analysis_and_export] [Original_Data] PC 演算法 …
20:35:00 | INFO    | [run_causal_analysis_and_export] [Original_Data] DoWhy 估計與反駁 …
20:36:55 | INFO    | [run] ====== 層級：IMF_1 ======
20:36:55 | INFO    | [run_causal_analysis_and_export] [IMF_1] PC 演算法 …
20:37:00 | INFO    | [run_causal_analysis_and_export] [IMF_1] DoWhy 估計與反駁 …
20:38:50 | INFO    | [run] ====== 層級：IMF_2 ======
20:38:50 | INFO    | [run_causal_analysis_and_export] [IMF_2] PC 演算法 …
20:38:55 | INFO    | [run_causal_analysis_and_export] [IMF_2] DoWhy 估計與反駁 …
20:40:47 | INFO    | [run] ====== 層級：IMF_3 ======
20:40:47 | INFO    | [run_causal_analysis_and_export] [IMF_3] PC 演算法 …
20:40:52 | INFO    | [run_causal_analysis_and_export] [IMF_3] DoWhy 估計與反駁 …
20:42:49 | INFO    | [run] 因果引擎完成，耗時 477.0 秒。
20:42:49 | INFO    | [_run_stage] ✔  完成階段：causal_engine
20:42:49 | INFO    | [_run_stage] ▶  開始階段：filter_estimation
20:42:49 | INFO    | [filter_estimation_to_list] 篩選 LR_Effect >= 1.0：保留 10 / 28 條邊 → /home/runner/work/cpi_causal_pipeline/cpi_causal_pipeline/cpi_causal_pipeline/Filteredlist.csv
20:42:49 | INFO    | [_run_stage] ✔  完成階段：filter_estimation
20:42:49 | INFO    | [_run_stage] ▶  開始階段：correlated_plots
20:42:59 | INFO    | [build_correlated_plots] 強相關配對圖（真實資料）完成 10 張 → /home/runner/work/cpi_causal_pipeline/cpi_causal_pipeline/cpi_causal_pipeline/correlated_plots
20:42:59 | INFO    | [_run_stage] ✔  完成階段：correlated_plots
20:42:59 | INFO    | [_run_stage] ▶  開始階段：ml_regression
20:43:00 | INFO    | [run_ml_regression] 最佳模型：SVM (向量機模型)（目標=總指數，特徵=['一.食物類']）
20:43:00 | INFO    | [run_ml_regression] 機器學習回歸（真實資料）完成 → /home/runner/work/cpi_causal_pipeline/cpi_causal_pipeline/cpi_causal_pipeline/ml_plots
20:43:00 | INFO    | [_run_stage] ✔  完成階段：ml_regression
20:43:00 | INFO    | [_run_stage] ▶  開始階段：build_report
20:43:01 | INFO    | [build_report] HTML 報告已產生：/home/runner/work/cpi_causal_pipeline/cpi_causal_pipeline/cpi_causal_pipeline/../docs/index.html（6 個章節）
20:43:01 | INFO    | [_run_stage] ✔  完成階段：build_report
20:43:01 | INFO    | [main] ================================================================
20:43:01 | INFO    | [main]  執行摘要
20:43:01 | INFO    | [main]    fetch_cpi          ✔ 成功
20:43:01 | INFO    | [main]    parse_and_plot     ✔ 成功
20:43:01 | INFO    | [main]    arima_forecast     ✔ 成功
20:43:01 | INFO    | [main]    causal_impact      ✔ 成功
20:43:01 | INFO    | [main]    csv_to_xlsx        ✔ 成功
20:43:01 | INFO    | [main]    causal_engine      ✔ 成功
20:43:01 | INFO    | [main]    filter_estimation  ✔ 成功
20:43:01 | INFO    | [main]    correlated_plots   ✔ 成功
20:43:01 | INFO    | [main]    ml_regression      ✔ 成功
20:43:01 | INFO    | [main]    build_report       ✔ 成功
20:43:01 | INFO    | [main] ================================================================
20:43:01 | INFO    | [main] 📄 報告位置：/home/runner/work/cpi_causal_pipeline/cpi_causal_pipeline/cpi_causal_pipeline/../docs/index.html
